#
# There is insufficient memory for the Java Runtime Environment to continue.
# Native memory allocation (malloc) failed to allocate 368656 bytes for Chunk::new
# Possible reasons:
#   The system is out of physical RAM or swap space
#   The process is running with CompressedOops enabled, and the Java Heap may be blocking the growth of the native heap
# Possible solutions:
#   Reduce memory load on the system
#   Increase physical memory or swap space
#   Check if swap backing store is full
#   Decrease Java heap size (-Xmx/-Xms)
#   Decrease number of Java threads
#   Decrease Java thread stack sizes (-Xss)
#   Set larger code cache with -XX:ReservedCodeCacheSize=
#   JVM is running with Unscaled Compressed Oops mode in which the Java heap is
#     placed in the first 4GB address space. The Java Heap base address is the
#     maximum limit for the native heap growth. Please use -XX:HeapBaseMinAddress
#     to set the Java Heap base and to place the Java Heap above 4GB virtual address.
# This output file may be truncated or incomplete.
#
#  Out of Memory Error (t:/workspace/hotspot/src/share/vm/memory/allocation.cpp:372), pid=7648, tid=1732
#
# JRE version:  (9.0+11) (build )
# Java VM: Java HotSpot(TM) 64-Bit Server VM (9.0.4+11, mixed mode, tiered, compressed oops, g1 gc, windows-amd64)
# No core dump will be written. Minidumps are not enabled by default on client versions of Windows
#

---------------  S U M M A R Y ------------

Command Line: -agentlib:jdwp=transport=dt_socket,suspend=y,address=localhost:4963 -Dfile.encoding=MS949 test.test

Host: Intel(R) Core(TM) i5-6200U CPU @ 2.30GHz, 4 cores, 7G,  Windows 10 , 64 bit Build 17134 (10.0.17134.1)
Time: Wed Feb 13 19:28:22 2019 ¢¥eCN©öI¡¾©ö C¡ÍA¨ª¨öA elapsed time: 0 seconds (0d 0h 0m 0s)

---------------  T H R E A D  ---------------

Current thread (0x000001fe0ad31000):  JavaThread "Unknown thread" [_thread_in_vm, id=1732, stack(0x000000c11b400000,0x000000c11b500000)]

Stack: [0x000000c11b400000,0x000000c11b500000]
Native frames: (J=compiled Java code, j=interpreted, Vv=VM code, C=native code)
V  [jvm.dll+0x587068]
V  [jvm.dll+0x69c25e]
V  [jvm.dll+0x69d17a]
V  [jvm.dll+0x69d7b3]
V  [jvm.dll+0x21d198]
V  [jvm.dll+0xa7aac]
V  [jvm.dll+0xa77d3]
V  [jvm.dll+0x63bc73]
V  [jvm.dll+0x67c84f]
V  [jvm.dll+0x3269c9]
V  [jvm.dll+0x66555e]
V  [jvm.dll+0x391811]
V  [jvm.dll+0x3937c1]
C  [javaw.exe+0x3501]
C  [javaw.exe+0xe25f]
C  [javaw.exe+0xe406]
C  [KERNEL32.DLL+0x13034]
C  [ntdll.dll+0x73691]


---------------  P R O C E S S  ---------------

Java Threads: ( => current thread )

Other Threads:
  0x000001fe0ad47000 GCTaskThread "GC Thread#0" [stack: 0x000000c11b500000,0x000000c11b600000] [id=10760]
  0x000001fe0ad48800 GCTaskThread "GC Thread#1" [stack: 0x000000c11b600000,0x000000c11b700000] [id=17100]
  0x000001fe0ad4c000 GCTaskThread "GC Thread#2" [stack: 0x000000c11b700000,0x000000c11b800000] [id=17892]
  0x000001fe0ad4d000 GCTaskThread "GC Thread#3" [stack: 0x000000c11b800000,0x000000c11b900000] [id=15932]
  0x000001fe0adcc800 ConcurrentGCThread "G1 Main Marker" [stack: 0x000000c11be00000,0x000000c11bf00000] [id=10880]
  0x000001fe0adcf800 ConcurrentGCThread "G1 Marker#0" [stack: 0x000000c11bf00000,0x000000c11c000000] [id=17024]
  0x000001fe0ad65000 ConcurrentGCThread "G1 Refine#0" [stack: 0x000000c11bc00000,0x000000c11bd00000] [id=19124]
  0x000001fe0ad63800 ConcurrentGCThread "G1 Refine#1" [stack: 0x000000c11bb00000,0x000000c11bc00000] [id=16284]
  0x000001fe0ad63000 ConcurrentGCThread "G1 Refine#2" [stack: 0x000000c11ba00000,0x000000c11bb00000] [id=8204]
  0x000001fe0ad50000 ConcurrentGCThread "G1 Refine#3" [stack: 0x000000c11b900000,0x000000c11ba00000] [id=18748]
  0x000001fe0ad66000 ConcurrentGCThread "G1 Young RemSet Sampling" [stack: 0x000000c11bd00000,0x000000c11be00000] [id=3648]

=>0x000001fe0ad31000 (exited) JavaThread "Unknown thread" [_thread_in_vm, id=1732, stack(0x000000c11b400000,0x000000c11b500000)]

Threads with active compile tasks:

VM state:not at safepoint (not fully initialized)

VM Mutex/Monitor currently owned by a thread: None

Heap address: 0x0000000081400000, size: 2028 MB, Compressed Oops mode: 32-bit
Narrow klass base: 0x0000000000000000, Narrow klass shift: 3
Compressed class space size: 1073741824 Address: 0x0000000100000000

GC Heap History (0 events):
No events

Deoptimization events (0 events):
No events

Classes redefined (0 events):
No events

Internal exceptions (0 events):
No events

Events (0 events):
No events


Dynamic libraries:
0x00007ff77d830000 - 0x00007ff77d86e000 	C:\Program Files\Java\jre-9.0.4\bin\javaw.exe
0x00007ff8db8c0000 - 0x00007ff8dbaa1000 	C:\WINDOWS\SYSTEM32\ntdll.dll
0x00007ff8db470000 - 0x00007ff8db522000 	C:\WINDOWS\System32\KERNEL32.DLL
0x00007ff8d8690000 - 0x00007ff8d8903000 	C:\WINDOWS\System32\KERNELBASE.dll
0x00007ff8db3c0000 - 0x00007ff8db461000 	C:\WINDOWS\System32\ADVAPI32.dll
0x00007ff8db690000 - 0x00007ff8db72e000 	C:\WINDOWS\System32\msvcrt.dll
0x00007ff8d93a0000 - 0x00007ff8d93fb000 	C:\WINDOWS\System32\sechost.dll
0x00007ff8db740000 - 0x00007ff8db864000 	C:\WINDOWS\System32\RPCRT4.dll
0x00007ff8db170000 - 0x00007ff8db300000 	C:\WINDOWS\System32\USER32.dll
0x00007ff8d85d0000 - 0x00007ff8d85f0000 	C:\WINDOWS\System32\win32u.dll
0x00007ff8daff0000 - 0x00007ff8db018000 	C:\WINDOWS\System32\GDI32.dll
0x00007ff8d8b00000 - 0x00007ff8d8c92000 	C:\WINDOWS\System32\gdi32full.dll
0x00007ff8d85f0000 - 0x00007ff8d868f000 	C:\WINDOWS\System32\msvcp_win.dll
0x00007ff8d84d0000 - 0x00007ff8d85ca000 	C:\WINDOWS\System32\ucrtbase.dll
0x00007ff8c2430000 - 0x00007ff8c2699000 	C:\WINDOWS\WinSxS\amd64_microsoft.windows.common-controls_6595b64144ccf1df_6.0.17134.523_none_fb409dd930672a56\COMCTL32.dll
0x00007ff8d8dd0000 - 0x00007ff8d90f2000 	C:\WINDOWS\System32\combase.dll
0x00007ff8d8450000 - 0x00007ff8d84ca000 	C:\WINDOWS\System32\bcryptPrimitives.dll
0x00007ff8d2b40000 - 0x00007ff8d2b4a000 	C:\WINDOWS\SYSTEM32\VERSION.dll
0x00007ff8d9370000 - 0x00007ff8d939d000 	C:\WINDOWS\System32\IMM32.DLL
0x00007ff8be5f0000 - 0x00007ff8be6df000 	C:\Program Files\Java\jre-9.0.4\bin\msvcr120.dll
0x00007ff8c1480000 - 0x00007ff8c1526000 	C:\Program Files\Java\jre-9.0.4\bin\msvcp120.dll
0x0000000075920000 - 0x0000000076345000 	C:\Program Files\Java\jre-9.0.4\bin\server\jvm.dll
0x00007ff8d9410000 - 0x00007ff8d9418000 	C:\WINDOWS\System32\PSAPI.DLL
0x00007ff8d6800000 - 0x00007ff8d6809000 	C:\WINDOWS\SYSTEM32\WSOCK32.dll
0x00007ff8daf80000 - 0x00007ff8dafec000 	C:\WINDOWS\System32\WS2_32.dll
0x00007ff8d2520000 - 0x00007ff8d2543000 	C:\WINDOWS\SYSTEM32\WINMM.dll
0x00007ff8d24e0000 - 0x00007ff8d250a000 	C:\WINDOWS\SYSTEM32\WINMMBASE.dll
0x00007ff8d8400000 - 0x00007ff8d8449000 	C:\WINDOWS\System32\cfgmgr32.dll
0x00007ff8c93b0000 - 0x00007ff8c93bf000 	C:\Program Files\Java\jre-9.0.4\bin\verify.dll
0x00007ff8c5040000 - 0x00007ff8c5067000 	C:\Program Files\Java\jre-9.0.4\bin\java.dll
0x00007ff8c1d20000 - 0x00007ff8c1d56000 	C:\Program Files\Java\jre-9.0.4\bin\jdwp.dll
0x00007ff8c53a0000 - 0x00007ff8c53b6000 	C:\Program Files\Java\jre-9.0.4\bin\zip.dll
0x00007ff8c5320000 - 0x00007ff8c532a000 	C:\Program Files\Java\jre-9.0.4\bin\jimage.dll
0x00007ff8d65c0000 - 0x00007ff8d6789000 	C:\WINDOWS\SYSTEM32\dbghelp.dll

VM Arguments:
jvm_args: -agentlib:jdwp=transport=dt_socket,suspend=y,address=localhost:4963 -Dfile.encoding=MS949 
java_command: test.test
java_class_path (initial): C:\Users\JiHyeok\eclipse-workspace\test\bin
Launcher Type: SUN_STANDARD

Logging:
Log output configuration:
#0: stdout all=warning uptime,level,tags
#1: stderr all=off uptime,level,tags

Environment Variables:
PATH=C:\oraclexe\app\oracle\product\11.2.0\server\bin;C:\Program Files (x86)\Common Files\Oracle\Java\javapath;C:\Program Files (x86)\NVIDIA Corporation\PhysX\Common;C:\ProgramData\Oracle\Java\javapath;C:\WINDOWS\system32;C:\WINDOWS;C:\WINDOWS\System32\Wbem;C:\WINDOWS\System32\WindowsPowerShell\v1.0\;C:\Users\JiHyeok\.dnx\bin;C:\Program Files\Microsoft DNX\Dnvm\;C:\Program Files\Microsoft SQL Server\130\Tools\Binn\;C:\Program Files (x86)\Windows Kits\8.1\Windows Performance Toolkit\;C:\WINDOWS\System32\OpenSSH\;C:\Program Files\Java\jdk-10.0.1\bin;C:\Program Files\Intel\WiFi\bin\;C:\Program Files\Common Files\Intel\WirelessCommon\;C:\Program Files\nodejs\;C:\Program Files (x86)\Yarn\bin\;C:\Program Files\Git\cmd;C:\Users\JiHyeok\AppData\Local\Microsoft\WindowsApps;C:\Program Files\Intel\WiFi\bin\;C:\Program Files\Common Files\Intel\WirelessCommon\;C:\Users\JiHyeok\AppData\Roaming\npm;C:\Users\JiHyeok\AppData\Local\Yarn\bin;C:\Users\JiHyeok\AppData\Local\Programs\Microsoft VS Code\bin
USERNAME=JiHyeok
OS=Windows_NT
PROCESSOR_IDENTIFIER=Intel64 Family 6 Model 78 Stepping 3, GenuineIntel



---------------  S Y S T E M  ---------------

OS: Windows 10 , 64 bit Build 17134 (10.0.17134.1)

CPU:total 4 (initial active 4) (2 cores per cpu, 2 threads per core) family 6 model 78 stepping 3, cmov, cx8, fxsr, mmx, sse, sse2, sse3, ssse3, sse4.1, sse4.2, popcnt, avx, avx2, aes, clmul, erms, 3dnowpref, lzcnt, ht, tsc, tscinvbit, bmi1, bmi2, adx, fma

Memory: 4k page, physical 8304668k(3571476k free), swap 22160792k(4140k free)

vm_info: Java HotSpot(TM) 64-Bit Server VM (9.0.4+11) for windows-amd64 JRE (9.0.4+11), built on Dec 20 2017 02:18:54 by "mach5one" with MS VC++ 12.0 (VS2013)

END.
