#
# There is insufficient memory for the Java Runtime Environment to continue.
# Native memory allocation (malloc) failed to allocate 40016 bytes for Chunk::new
# Possible reasons:
#   The system is out of physical RAM or swap space
#   The process is running with CompressedOops enabled, and the Java Heap may be blocking the growth of the native heap
# Possible solutions:
#   Reduce memory load on the system
#   Increase physical memory or swap space
#   Check if swap backing store is full
#   Decrease Java heap size (-Xmx/-Xms)
#   Decrease number of Java threads
#   Decrease Java thread stack sizes (-Xss)
#   Set larger code cache with -XX:ReservedCodeCacheSize=
#   JVM is running with Unscaled Compressed Oops mode in which the Java heap is
#     placed in the first 4GB address space. The Java Heap base address is the
#     maximum limit for the native heap growth. Please use -XX:HeapBaseMinAddress
#     to set the Java Heap base and to place the Java Heap above 4GB virtual address.
# This output file may be truncated or incomplete.
#
#  Out of Memory Error (t:/workspace/open/src/hotspot/share/memory/arena.cpp:198), pid=15160, tid=13488
#
# JRE version: Java(TM) SE Runtime Environment (10.0.1+10) (build 10.0.1+10)
# Java VM: Java HotSpot(TM) 64-Bit Server VM (10.0.1+10, mixed mode, tiered, compressed oops, g1 gc, windows-amd64)
# No core dump will be written. Minidumps are not enabled by default on client versions of Windows
#

---------------  S U M M A R Y ------------

Command Line: -agentlib:jdwp=transport=dt_socket,suspend=y,address=localhost:13882 -javaagent:C:\Users\JiHyeok\eclipse\jee-2018-12\eclipse\configuration\org.eclipse.osgi\405\0\.cp\lib\javaagent-shaded.jar -Dfile.encoding=MS949 test.testMain

Host: Intel(R) Core(TM) i5-6200U CPU @ 2.30GHz, 4 cores, 7G,  Windows 10 , 64 bit Build 17134 (10.0.17134.556)
Time: Mon Feb 18 20:18:50 2019 ¢¥eCN©öI¡¾©ö C¡ÍA¨ª¨öA elapsed time: 0 seconds (0d 0h 0m 0s)

---------------  T H R E A D  ---------------

Current thread (0x000001fffc8fc000):  JavaThread "C2 CompilerThread1" daemon [_thread_in_native, id=13488, stack(0x00000044b0500000,0x00000044b0600000)]


Current CompileTask:
C2:    522  250       4       java.lang.StringLatin1::indexOf (61 bytes)

Stack: [0x00000044b0500000,0x00000044b0600000]
Native frames: (J=compiled Java code, j=interpreted, Vv=VM code, C=native code)
V  [jvm.dll+0x5a0369]
V  [jvm.dll+0x6bcf81]
V  [jvm.dll+0x6be176]
V  [jvm.dll+0x6be803]
V  [jvm.dll+0x234998]
V  [jvm.dll+0xbb92c]
V  [jvm.dll+0xbbe2c]
V  [jvm.dll+0x34bcf8]
V  [jvm.dll+0x310efa]
V  [jvm.dll+0x31048a]
V  [jvm.dll+0x1ffde1]
V  [jvm.dll+0x1ff066]
V  [jvm.dll+0x17ca6b]
V  [jvm.dll+0x20c81d]
V  [jvm.dll+0x20b5e6]
V  [jvm.dll+0x68bb6f]
V  [jvm.dll+0x59f680]
C  [msvcr120.dll+0x24f7f]
C  [msvcr120.dll+0x25126]
C  [KERNEL32.DLL+0x13dc4]
C  [ntdll.dll+0x73691]


---------------  P R O C E S S  ---------------

Threads class SMR info:
_java_thread_list=0x000001fffd6b15d0, length=13, elements={
0x000001ffdf0d5000, 0x000001fffc8c8000, 0x000001fffc8db000, 0x000001fffd1e2800,
0x000001fffc8ef000, 0x000001fffc8f8000, 0x000001fffc8fc000, 0x000001fffc906000,
0x000001fffc90b000, 0x000001fffd412000, 0x000001fffd412800, 0x000001fffd413800,
0x000001fffd6b6800
}

Java Threads: ( => current thread )
  0x000001ffdf0d5000 JavaThread "main" [_thread_blocked, id=7344, stack(0x00000044af300000,0x00000044af400000)]
  0x000001fffc8c8000 JavaThread "Reference Handler" daemon [_thread_blocked, id=1440, stack(0x00000044b0000000,0x00000044b0100000)]
  0x000001fffc8db000 JavaThread "Finalizer" daemon [_thread_blocked, id=14876, stack(0x00000044b0100000,0x00000044b0200000)]
  0x000001fffd1e2800 JavaThread "Signal Dispatcher" daemon [_thread_blocked, id=7752, stack(0x00000044b0200000,0x00000044b0300000)]
  0x000001fffc8ef000 JavaThread "Attach Listener" daemon [_thread_blocked, id=18544, stack(0x00000044b0300000,0x00000044b0400000)]
  0x000001fffc8f8000 JavaThread "C2 CompilerThread0" daemon [_thread_blocked, id=8760, stack(0x00000044b0400000,0x00000044b0500000)]
=>0x000001fffc8fc000 JavaThread "C2 CompilerThread1" daemon [_thread_in_native, id=13488, stack(0x00000044b0500000,0x00000044b0600000)]
  0x000001fffc906000 JavaThread "C1 CompilerThread2" daemon [_thread_blocked, id=3516, stack(0x00000044b0600000,0x00000044b0700000)]
  0x000001fffc90b000 JavaThread "Sweeper thread" daemon [_thread_blocked, id=19028, stack(0x00000044b0700000,0x00000044b0800000)]
  0x000001fffd412000 JavaThread "JDWP Transport Listener: dt_socket" daemon [_thread_blocked, id=5160, stack(0x00000044b0800000,0x00000044b0900000)]
  0x000001fffd412800 JavaThread "JDWP Event Helper Thread" daemon [_thread_blocked, id=14584, stack(0x00000044b0900000,0x00000044b0a00000)]
  0x000001fffd413800 JavaThread "JDWP Command Reader" daemon [_thread_in_native, id=11876, stack(0x00000044b0a00000,0x00000044b0b00000)]
  0x000001fffd6b6800 JavaThread "Common-Cleaner" daemon [_thread_blocked, id=2108, stack(0x00000044b0b00000,0x00000044b0c00000)]

Other Threads:
  0x000001fffc8c3800 VMThread "VM Thread" [stack: 0x00000044aff00000,0x00000044b0000000] [id=12520]
  0x000001ffdf0ec800 GCTaskThread "GC Thread#0" [stack: 0x00000044af400000,0x00000044af500000] [id=17412]
  0x000001ffdf0ef000 GCTaskThread "GC Thread#1" [stack: 0x00000044af500000,0x00000044af600000] [id=19132]
  0x000001ffdf0f0800 GCTaskThread "GC Thread#2" [stack: 0x00000044af600000,0x00000044af700000] [id=11980]
  0x000001ffdf0f2000 GCTaskThread "GC Thread#3" [stack: 0x00000044af700000,0x00000044af800000] [id=2052]
  0x000001ffdf15e000 ConcurrentGCThread "G1 Main Marker" [stack: 0x00000044af800000,0x00000044af900000] [id=18596]
  0x000001ffdf162000 ConcurrentGCThread "G1 Conc#0" [stack: 0x00000044af900000,0x00000044afa00000] [id=17972]
  0x000001fffc749800 ConcurrentGCThread "G1 Refine#0" [stack: 0x00000044afa00000,0x00000044afb00000] [id=12596]
  0x000001fffc74a800 ConcurrentGCThread "G1 Refine#1" [stack: 0x00000044afb00000,0x00000044afc00000] [id=12984]
  0x000001fffc74d000 ConcurrentGCThread "G1 Refine#2" [stack: 0x00000044afc00000,0x00000044afd00000] [id=16004]
  0x000001fffc752000 ConcurrentGCThread "G1 Refine#3" [stack: 0x00000044afd00000,0x00000044afe00000] [id=10716]
  0x000001fffc753800 ConcurrentGCThread "G1 Young RemSet Sampling" [stack: 0x00000044afe00000,0x00000044aff00000] [id=13688]

Threads with active compile tasks:
C2 CompilerThread1 250       4       java.lang.StringLatin1::indexOf (61 bytes)

VM state:at safepoint (normal execution)

VM Mutex/Monitor currently owned by a thread:  ([mutex/lock_event])
[0x000001ffdf0cf310] Threads_lock - owner thread: 0x000001fffc8c3800
[0x000001ffdf0ce980] Heap_lock - owner thread: 0x000001ffdf0d5000

Heap address: 0x0000000081400000, size: 2028 MB, Compressed Oops mode: 32-bit
Narrow klass base: 0x0000000000000000, Narrow klass shift: 3
Compressed class space size: 1073741824 Address: 0x0000000100000000

Heap:
 garbage-first heap   total 131072K, used 1315K [0x0000000081400000, 0x0000000100000000)
  region size 1024K, 2 young (2048K), 2 survivors (2048K)
 Metaspace       used 6132K, capacity 6141K, committed 6272K, reserved 1064960K
  class space    used 554K, capacity 559K, committed 640K, reserved 1048576K
Heap Regions: E=young(eden), S=young(survivor), O=old, HS=humongous(starts), HC=humongous(continues), CS=collection set, F=free, A=archive, TS=gc time stamp, AC=allocation context, TAMS=top-at-mark-start (previous, next)
|   0|0x0000000081400000, 0x0000000081400000, 0x0000000081500000|  0%| F|  |TS  0|AC  0|TAMS 0x0000000081400000, 0x0000000081400000|
|   1|0x0000000081500000, 0x0000000081500000, 0x0000000081600000|  0%| F|  |TS  0|AC  0|TAMS 0x0000000081500000, 0x0000000081500000|
|   2|0x0000000081600000, 0x0000000081600000, 0x0000000081700000|  0%| F|  |TS  0|AC  0|TAMS 0x0000000081600000, 0x0000000081600000|
|   3|0x0000000081700000, 0x0000000081700000, 0x0000000081800000|  0%| F|  |TS  0|AC  0|TAMS 0x0000000081700000, 0x0000000081700000|
|   4|0x0000000081800000, 0x0000000081800000, 0x0000000081900000|  0%| F|  |TS  0|AC  0|TAMS 0x0000000081800000, 0x0000000081800000|
|   5|0x0000000081900000, 0x0000000081900000, 0x0000000081a00000|  0%| F|  |TS  0|AC  0|TAMS 0x0000000081900000, 0x0000000081900000|
|   6|0x0000000081a00000, 0x0000000081a00000, 0x0000000081b00000|  0%| F|  |TS  0|AC  0|TAMS 0x0000000081a00000, 0x0000000081a00000|
|   7|0x0000000081b00000, 0x0000000081b00000, 0x0000000081c00000|  0%| F|  |TS  0|AC  0|TAMS 0x0000000081b00000, 0x0000000081b00000|
|   8|0x0000000081c00000, 0x0000000081c00000, 0x0000000081d00000|  0%| F|  |TS  0|AC  0|TAMS 0x0000000081c00000, 0x0000000081c00000|
|   9|0x0000000081d00000, 0x0000000081d00000, 0x0000000081e00000|  0%| F|  |TS  0|AC  0|TAMS 0x0000000081d00000, 0x0000000081d00000|
|  10|0x0000000081e00000, 0x0000000081e00000, 0x0000000081f00000|  0%| F|  |TS  0|AC  0|TAMS 0x0000000081e00000, 0x0000000081e00000|
|  11|0x0000000081f00000, 0x0000000081f00000, 0x0000000082000000|  0%| F|  |TS  0|AC  0|TAMS 0x0000000081f00000, 0x0000000081f00000|
|  12|0x0000000082000000, 0x0000000082000000, 0x0000000082100000|  0%| F|  |TS  0|AC  0|TAMS 0x0000000082000000, 0x0000000082000000|
|  13|0x0000000082100000, 0x0000000082100000, 0x0000000082200000|  0%| F|  |TS  0|AC  0|TAMS 0x0000000082100000, 0x0000000082100000|
|  14|0x0000000082200000, 0x0000000082200000, 0x0000000082300000|  0%| F|  |TS  0|AC  0|TAMS 0x0000000082200000, 0x0000000082200000|
|  15|0x0000000082300000, 0x0000000082300000, 0x0000000082400000|  0%| F|  |TS  0|AC  0|TAMS 0x0000000082300000, 0x0000000082300000|
|  16|0x0000000082400000, 0x0000000082400000, 0x0000000082500000|  0%| F|  |TS  0|AC  0|TAMS 0x0000000082400000, 0x0000000082400000|
|  17|0x0000000082500000, 0x0000000082500000, 0x0000000082600000|  0%| F|  |TS  0|AC  0|TAMS 0x0000000082500000, 0x0000000082500000|
|  18|0x0000000082600000, 0x0000000082600000, 0x0000000082700000|  0%| F|  |TS  0|AC  0|TAMS 0x0000000082600000, 0x0000000082600000|
|  19|0x0000000082700000, 0x0000000082700000, 0x0000000082800000|  0%| F|  |TS  0|AC  0|TAMS 0x0000000082700000, 0x0000000082700000|
|  20|0x0000000082800000, 0x0000000082800000, 0x0000000082900000|  0%| F|  |TS  0|AC  0|TAMS 0x0000000082800000, 0x0000000082800000|
|  21|0x0000000082900000, 0x0000000082900000, 0x0000000082a00000|  0%| F|  |TS  0|AC  0|TAMS 0x0000000082900000, 0x0000000082900000|
|  22|0x0000000082a00000, 0x0000000082a00000, 0x0000000082b00000|  0%| F|  |TS  0|AC  0|TAMS 0x0000000082a00000, 0x0000000082a00000|
|  23|0x0000000082b00000, 0x0000000082b00000, 0x0000000082c00000|  0%| F|  |TS  0|AC  0|TAMS 0x0000000082b00000, 0x0000000082b00000|
|  24|0x0000000082c00000, 0x0000000082c00000, 0x0000000082d00000|  0%| F|  |TS  0|AC  0|TAMS 0x0000000082c00000, 0x0000000082c00000|
|  25|0x0000000082d00000, 0x0000000082d00000, 0x0000000082e00000|  0%| F|  |TS  0|AC  0|TAMS 0x0000000082d00000, 0x0000000082d00000|
|  26|0x0000000082e00000, 0x0000000082e00000, 0x0000000082f00000|  0%| F|  |TS  0|AC  0|TAMS 0x0000000082e00000, 0x0000000082e00000|
|  27|0x0000000082f00000, 0x0000000082f00000, 0x0000000083000000|  0%| F|  |TS  0|AC  0|TAMS 0x0000000082f00000, 0x0000000082f00000|
|  28|0x0000000083000000, 0x0000000083000000, 0x0000000083100000|  0%| F|  |TS  0|AC  0|TAMS 0x0000000083000000, 0x0000000083000000|
|  29|0x0000000083100000, 0x0000000083100000, 0x0000000083200000|  0%| F|  |TS  0|AC  0|TAMS 0x0000000083100000, 0x0000000083100000|
|  30|0x0000000083200000, 0x0000000083200000, 0x0000000083300000|  0%| F|  |TS  0|AC  0|TAMS 0x0000000083200000, 0x0000000083200000|
|  31|0x0000000083300000, 0x0000000083300000, 0x0000000083400000|  0%| F|  |TS  0|AC  0|TAMS 0x0000000083300000, 0x0000000083300000|
|  32|0x0000000083400000, 0x0000000083400000, 0x0000000083500000|  0%| F|  |TS  0|AC  0|TAMS 0x0000000083400000, 0x0000000083400000|
|  33|0x0000000083500000, 0x0000000083500000, 0x0000000083600000|  0%| F|  |TS  0|AC  0|TAMS 0x0000000083500000, 0x0000000083500000|
|  34|0x0000000083600000, 0x0000000083600000, 0x0000000083700000|  0%| F|  |TS  0|AC  0|TAMS 0x0000000083600000, 0x0000000083600000|
|  35|0x0000000083700000, 0x0000000083700000, 0x0000000083800000|  0%| F|  |TS  0|AC  0|TAMS 0x0000000083700000, 0x0000000083700000|
|  36|0x0000000083800000, 0x0000000083800000, 0x0000000083900000|  0%| F|  |TS  0|AC  0|TAMS 0x0000000083800000, 0x0000000083800000|
|  37|0x0000000083900000, 0x0000000083900000, 0x0000000083a00000|  0%| F|  |TS  0|AC  0|TAMS 0x0000000083900000, 0x0000000083900000|
|  38|0x0000000083a00000, 0x0000000083a00000, 0x0000000083b00000|  0%| F|  |TS  0|AC  0|TAMS 0x0000000083a00000, 0x0000000083a00000|
|  39|0x0000000083b00000, 0x0000000083b00000, 0x0000000083c00000|  0%| F|  |TS  0|AC  0|TAMS 0x0000000083b00000, 0x0000000083b00000|
|  40|0x0000000083c00000, 0x0000000083c00000, 0x0000000083d00000|  0%| F|  |TS  0|AC  0|TAMS 0x0000000083c00000, 0x0000000083c00000|
|  41|0x0000000083d00000, 0x0000000083d00000, 0x0000000083e00000|  0%| F|  |TS  0|AC  0|TAMS 0x0000000083d00000, 0x0000000083d00000|
|  42|0x0000000083e00000, 0x0000000083e00000, 0x0000000083f00000|  0%| F|  |TS  0|AC  0|TAMS 0x0000000083e00000, 0x0000000083e00000|
|  43|0x0000000083f00000, 0x0000000083f00000, 0x0000000084000000|  0%| F|  |TS  0|AC  0|TAMS 0x0000000083f00000, 0x0000000083f00000|
|  44|0x0000000084000000, 0x0000000084000000, 0x0000000084100000|  0%| F|  |TS  0|AC  0|TAMS 0x0000000084000000, 0x0000000084000000|
|  45|0x0000000084100000, 0x0000000084100000, 0x0000000084200000|  0%| F|  |TS  0|AC  0|TAMS 0x0000000084100000, 0x0000000084100000|
|  46|0x0000000084200000, 0x0000000084200000, 0x0000000084300000|  0%| F|  |TS  0|AC  0|TAMS 0x0000000084200000, 0x0000000084200000|
|  47|0x0000000084300000, 0x0000000084300000, 0x0000000084400000|  0%| F|  |TS  0|AC  0|TAMS 0x0000000084300000, 0x0000000084300000|
|  48|0x0000000084400000, 0x0000000084400000, 0x0000000084500000|  0%| F|  |TS  0|AC  0|TAMS 0x0000000084400000, 0x0000000084400000|
|  49|0x0000000084500000, 0x0000000084500000, 0x0000000084600000|  0%| F|  |TS  0|AC  0|TAMS 0x0000000084500000, 0x0000000084500000|
|  50|0x0000000084600000, 0x0000000084600000, 0x0000000084700000|  0%| F|  |TS  0|AC  0|TAMS 0x0000000084600000, 0x0000000084600000|
|  51|0x0000000084700000, 0x0000000084700000, 0x0000000084800000|  0%| F|  |TS  0|AC  0|TAMS 0x0000000084700000, 0x0000000084700000|
|  52|0x0000000084800000, 0x0000000084800000, 0x0000000084900000|  0%| F|  |TS  0|AC  0|TAMS 0x0000000084800000, 0x0000000084800000|
|  53|0x0000000084900000, 0x0000000084900000, 0x0000000084a00000|  0%| F|  |TS  0|AC  0|TAMS 0x0000000084900000, 0x0000000084900000|
|  54|0x0000000084a00000, 0x0000000084a00000, 0x0000000084b00000|  0%| F|  |TS  0|AC  0|TAMS 0x0000000084a00000, 0x0000000084a00000|
|  55|0x0000000084b00000, 0x0000000084b00000, 0x0000000084c00000|  0%| F|  |TS  0|AC  0|TAMS 0x0000000084b00000, 0x0000000084b00000|
|  56|0x0000000084c00000, 0x0000000084c00000, 0x0000000084d00000|  0%| F|  |TS  0|AC  0|TAMS 0x0000000084c00000, 0x0000000084c00000|
|  57|0x0000000084d00000, 0x0000000084d00000, 0x0000000084e00000|  0%| F|  |TS  0|AC  0|TAMS 0x0000000084d00000, 0x0000000084d00000|
|  58|0x0000000084e00000, 0x0000000084e00000, 0x0000000084f00000|  0%| F|  |TS  0|AC  0|TAMS 0x0000000084e00000, 0x0000000084e00000|
|  59|0x0000000084f00000, 0x0000000084f00000, 0x0000000085000000|  0%| F|  |TS  0|AC  0|TAMS 0x0000000084f00000, 0x0000000084f00000|
|  60|0x0000000085000000, 0x0000000085000000, 0x0000000085100000|  0%| F|  |TS  0|AC  0|TAMS 0x0000000085000000, 0x0000000085000000|
|  61|0x0000000085100000, 0x0000000085100000, 0x0000000085200000|  0%| F|  |TS  0|AC  0|TAMS 0x0000000085100000, 0x0000000085100000|
|  62|0x0000000085200000, 0x0000000085200000, 0x0000000085300000|  0%| F|  |TS  0|AC  0|TAMS 0x0000000085200000, 0x0000000085200000|
|  63|0x0000000085300000, 0x0000000085300000, 0x0000000085400000|  0%| F|  |TS  0|AC  0|TAMS 0x0000000085300000, 0x0000000085300000|
|  64|0x0000000085400000, 0x0000000085400000, 0x0000000085500000|  0%| F|  |TS  0|AC  0|TAMS 0x0000000085400000, 0x0000000085400000|
|  65|0x0000000085500000, 0x0000000085500000, 0x0000000085600000|  0%| F|  |TS  0|AC  0|TAMS 0x0000000085500000, 0x0000000085500000|
|  66|0x0000000085600000, 0x0000000085600000, 0x0000000085700000|  0%| F|  |TS  0|AC  0|TAMS 0x0000000085600000, 0x0000000085600000|
|  67|0x0000000085700000, 0x0000000085700000, 0x0000000085800000|  0%| F|  |TS  0|AC  0|TAMS 0x0000000085700000, 0x0000000085700000|
|  68|0x0000000085800000, 0x0000000085800000, 0x0000000085900000|  0%| F|  |TS  0|AC  0|TAMS 0x0000000085800000, 0x0000000085800000|
|  69|0x0000000085900000, 0x0000000085900000, 0x0000000085a00000|  0%| F|  |TS  0|AC  0|TAMS 0x0000000085900000, 0x0000000085900000|
|  70|0x0000000085a00000, 0x0000000085a00000, 0x0000000085b00000|  0%| F|  |TS  0|AC  0|TAMS 0x0000000085a00000, 0x0000000085a00000|
|  71|0x0000000085b00000, 0x0000000085b00000, 0x0000000085c00000|  0%| F|  |TS  0|AC  0|TAMS 0x0000000085b00000, 0x0000000085b00000|
|  72|0x0000000085c00000, 0x0000000085c00000, 0x0000000085d00000|  0%| F|  |TS  0|AC  0|TAMS 0x0000000085c00000, 0x0000000085c00000|
|  73|0x0000000085d00000, 0x0000000085d00000, 0x0000000085e00000|  0%| F|  |TS  0|AC  0|TAMS 0x0000000085d00000, 0x0000000085d00000|
|  74|0x0000000085e00000, 0x0000000085e00000, 0x0000000085f00000|  0%| F|  |TS  0|AC  0|TAMS 0x0000000085e00000, 0x0000000085e00000|
|  75|0x0000000085f00000, 0x0000000085f00000, 0x0000000086000000|  0%| F|  |TS  0|AC  0|TAMS 0x0000000085f00000, 0x0000000085f00000|
|  76|0x0000000086000000, 0x0000000086000000, 0x0000000086100000|  0%| F|  |TS  0|AC  0|TAMS 0x0000000086000000, 0x0000000086000000|
|  77|0x0000000086100000, 0x0000000086100000, 0x0000000086200000|  0%| F|  |TS  0|AC  0|TAMS 0x0000000086100000, 0x0000000086100000|
|  78|0x0000000086200000, 0x0000000086200000, 0x0000000086300000|  0%| F|  |TS  0|AC  0|TAMS 0x0000000086200000, 0x0000000086200000|
|  79|0x0000000086300000, 0x0000000086300000, 0x0000000086400000|  0%| F|  |TS  0|AC  0|TAMS 0x0000000086300000, 0x0000000086300000|
|  80|0x0000000086400000, 0x0000000086400000, 0x0000000086500000|  0%| F|  |TS  0|AC  0|TAMS 0x0000000086400000, 0x0000000086400000|
|  81|0x0000000086500000, 0x0000000086500000, 0x0000000086600000|  0%| F|  |TS  0|AC  0|TAMS 0x0000000086500000, 0x0000000086500000|
|  82|0x0000000086600000, 0x0000000086600000, 0x0000000086700000|  0%| F|  |TS  0|AC  0|TAMS 0x0000000086600000, 0x0000000086600000|
|  83|0x0000000086700000, 0x0000000086700000, 0x0000000086800000|  0%| F|  |TS  0|AC  0|TAMS 0x0000000086700000, 0x0000000086700000|
|  84|0x0000000086800000, 0x0000000086800000, 0x0000000086900000|  0%| F|  |TS  0|AC  0|TAMS 0x0000000086800000, 0x0000000086800000|
|  85|0x0000000086900000, 0x0000000086900000, 0x0000000086a00000|  0%| F|  |TS  0|AC  0|TAMS 0x0000000086900000, 0x0000000086900000|
|  86|0x0000000086a00000, 0x0000000086a00000, 0x0000000086b00000|  0%| F|  |TS  0|AC  0|TAMS 0x0000000086a00000, 0x0000000086a00000|
|  87|0x0000000086b00000, 0x0000000086b00000, 0x0000000086c00000|  0%| F|  |TS  0|AC  0|TAMS 0x0000000086b00000, 0x0000000086b00000|
|  88|0x0000000086c00000, 0x0000000086c00000, 0x0000000086d00000|  0%| F|  |TS  0|AC  0|TAMS 0x0000000086c00000, 0x0000000086c00000|
|  89|0x0000000086d00000, 0x0000000086d00000, 0x0000000086e00000|  0%| F|  |TS  0|AC  0|TAMS 0x0000000086d00000, 0x0000000086d00000|
|  90|0x0000000086e00000, 0x0000000086e00000, 0x0000000086f00000|  0%| F|  |TS  0|AC  0|TAMS 0x0000000086e00000, 0x0000000086e00000|
|  91|0x0000000086f00000, 0x0000000086f00000, 0x0000000087000000|  0%| F|  |TS  0|AC  0|TAMS 0x0000000086f00000, 0x0000000086f00000|
|  92|0x0000000087000000, 0x0000000087000000, 0x0000000087100000|  0%| F|  |TS  0|AC  0|TAMS 0x0000000087000000, 0x0000000087000000|
|  93|0x0000000087100000, 0x0000000087100000, 0x0000000087200000|  0%| F|  |TS  0|AC  0|TAMS 0x0000000087100000, 0x0000000087100000|
|  94|0x0000000087200000, 0x0000000087200000, 0x0000000087300000|  0%| F|  |TS  0|AC  0|TAMS 0x0000000087200000, 0x0000000087200000|
|  95|0x0000000087300000, 0x0000000087300000, 0x0000000087400000|  0%| F|  |TS  0|AC  0|TAMS 0x0000000087300000, 0x0000000087300000|
|  96|0x0000000087400000, 0x0000000087400000, 0x0000000087500000|  0%| F|  |TS  0|AC  0|TAMS 0x0000000087400000, 0x0000000087400000|
|  97|0x0000000087500000, 0x0000000087500000, 0x0000000087600000|  0%| F|  |TS  0|AC  0|TAMS 0x0000000087500000, 0x0000000087500000|
|  98|0x0000000087600000, 0x0000000087600000, 0x0000000087700000|  0%| F|  |TS  0|AC  0|TAMS 0x0000000087600000, 0x0000000087600000|
|  99|0x0000000087700000, 0x0000000087700000, 0x0000000087800000|  0%| F|  |TS  0|AC  0|TAMS 0x0000000087700000, 0x0000000087700000|
| 100|0x0000000087800000, 0x0000000087800000, 0x0000000087900000|  0%| F|  |TS  0|AC  0|TAMS 0x0000000087800000, 0x0000000087800000|
| 101|0x0000000087900000, 0x0000000087900000, 0x0000000087a00000|  0%| F|  |TS  0|AC  0|TAMS 0x0000000087900000, 0x0000000087900000|
| 102|0x0000000087a00000, 0x0000000087a00000, 0x0000000087b00000|  0%| F|  |TS  0|AC  0|TAMS 0x0000000087a00000, 0x0000000087a00000|
| 103|0x0000000087b00000, 0x0000000087b00000, 0x0000000087c00000|  0%| F|  |TS  0|AC  0|TAMS 0x0000000087b00000, 0x0000000087b00000|
| 104|0x0000000087c00000, 0x0000000087c00000, 0x0000000087d00000|  0%| F|  |TS  0|AC  0|TAMS 0x0000000087c00000, 0x0000000087c00000|
| 105|0x0000000087d00000, 0x0000000087d00000, 0x0000000087e00000|  0%| F|  |TS  0|AC  0|TAMS 0x0000000087d00000, 0x0000000087d00000|
| 106|0x0000000087e00000, 0x0000000087e00000, 0x0000000087f00000|  0%| F|  |TS  0|AC  0|TAMS 0x0000000087e00000, 0x0000000087e00000|
| 107|0x0000000087f00000, 0x0000000087f00000, 0x0000000088000000|  0%| F|  |TS  0|AC  0|TAMS 0x0000000087f00000, 0x0000000087f00000|
| 108|0x0000000088000000, 0x0000000088000000, 0x0000000088100000|  0%| F|  |TS  0|AC  0|TAMS 0x0000000088000000, 0x0000000088000000|
| 109|0x0000000088100000, 0x0000000088100000, 0x0000000088200000|  0%| F|  |TS  0|AC  0|TAMS 0x0000000088100000, 0x0000000088100000|
| 110|0x0000000088200000, 0x0000000088200000, 0x0000000088300000|  0%| F|  |TS  0|AC  0|TAMS 0x0000000088200000, 0x0000000088200000|
| 111|0x0000000088300000, 0x0000000088300000, 0x0000000088400000|  0%| F|  |TS  0|AC  0|TAMS 0x0000000088300000, 0x0000000088300000|
| 112|0x0000000088400000, 0x0000000088400000, 0x0000000088500000|  0%| F|  |TS  0|AC  0|TAMS 0x0000000088400000, 0x0000000088400000|
| 113|0x0000000088500000, 0x0000000088500000, 0x0000000088600000|  0%| F|  |TS  0|AC  0|TAMS 0x0000000088500000, 0x0000000088500000|
| 114|0x0000000088600000, 0x0000000088600000, 0x0000000088700000|  0%| F|  |TS  0|AC  0|TAMS 0x0000000088600000, 0x0000000088600000|
| 115|0x0000000088700000, 0x0000000088700000, 0x0000000088800000|  0%| F|  |TS  0|AC  0|TAMS 0x0000000088700000, 0x0000000088700000|
| 116|0x0000000088800000, 0x0000000088800000, 0x0000000088900000|  0%| F|  |TS  0|AC  0|TAMS 0x0000000088800000, 0x0000000088800000|
| 117|0x0000000088900000, 0x0000000088900000, 0x0000000088a00000|  0%| F|  |TS  0|AC  0|TAMS 0x0000000088900000, 0x0000000088900000|
| 118|0x0000000088a00000, 0x0000000088a00000, 0x0000000088b00000|  0%| F|  |TS  0|AC  0|TAMS 0x0000000088a00000, 0x0000000088a00000|
| 119|0x0000000088b00000, 0x0000000088b00000, 0x0000000088c00000|  0%| F|  |TS  0|AC  0|TAMS 0x0000000088b00000, 0x0000000088b00000|
| 120|0x0000000088c00000, 0x0000000088c00000, 0x0000000088d00000|  0%| F|  |TS  0|AC  0|TAMS 0x0000000088c00000, 0x0000000088c00000|
| 121|0x0000000088d00000, 0x0000000088d00000, 0x0000000088e00000|  0%| F|  |TS  0|AC  0|TAMS 0x0000000088d00000, 0x0000000088d00000|
| 122|0x0000000088e00000, 0x0000000088e00000, 0x0000000088f00000|  0%| F|  |TS  0|AC  0|TAMS 0x0000000088e00000, 0x0000000088e00000|
| 123|0x0000000088f00000, 0x0000000088f48c28, 0x0000000089000000| 28%| S|CS|TS  1|AC  0|TAMS 0x0000000088f00000, 0x0000000088f00000|
| 124|0x0000000089000000, 0x0000000089100000, 0x0000000089100000|100%| S|CS|TS  1|AC  0|TAMS 0x0000000089000000, 0x0000000089000000|
| 125|0x0000000089100000, 0x0000000089100000, 0x0000000089200000|  0%| F|  |TS  1|AC  0|TAMS 0x0000000089100000, 0x0000000089100000|
| 126|0x0000000089200000, 0x0000000089200000, 0x0000000089300000|  0%| F|  |TS  1|AC  0|TAMS 0x0000000089200000, 0x0000000089200000|
| 127|0x0000000089300000, 0x0000000089300000, 0x0000000089400000|  0%| F|  |TS  1|AC  0|TAMS 0x0000000089300000, 0x0000000089300000|

Card table byte_map: [0x000001fff5c80000,0x000001fff6080000] byte_map_base: 0x000001fff5876000

Marking Bits (Prev, Next): (CMBitMap*) 0x000001ffdf15d750, (CMBitMap*) 0x000001ffdf15d788
 Prev Bits: [0x000001fff6480000, 0x000001fff8430000)
 Next Bits: [0x000001fff8430000, 0x000001fffa3e0000)

Polling page: 0x000001ffdcbf0000

CodeHeap 'non-profiled nmethods': size=120064Kb used=88Kb max_used=88Kb free=119975Kb
 bounds [0x000001ffee340000, 0x000001ffee5b0000, 0x000001fff5880000]
CodeHeap 'profiled nmethods': size=120000Kb used=340Kb max_used=340Kb free=119660Kb
 bounds [0x000001ffe6e10000, 0x000001ffe7080000, 0x000001ffee340000]
CodeHeap 'non-nmethods': size=5696Kb used=1130Kb max_used=1140Kb free=4565Kb
 bounds [0x000001ffe6880000, 0x000001ffe6af0000, 0x000001ffe6e10000]
 total_blobs=678 nmethods=261 adapters=254
 compilation: enabled

Compilation events (10 events):
Event: 0.512 Thread 0x000001fffc8fc000  250       4       java.lang.StringLatin1::indexOf (61 bytes)
Event: 0.512 Thread 0x000001fffc906000  251       3       java.net.URI::access$100 (7 bytes)
Event: 0.512 Thread 0x000001fffc906000 nmethod 251 0x000001ffe6e5e410 code [0x000001ffe6e5e5c0, 0x000001ffe6e5e750]
Event: 0.512 Thread 0x000001fffc906000  252       3       java.net.URI::match (56 bytes)
Event: 0.512 Thread 0x000001fffc906000 nmethod 252 0x000001ffe6e5e810 code [0x000001ffe6e5e9e0, 0x000001ffe6e5ecf8]
Event: 0.512 Thread 0x000001fffc906000  253       3       java.util.LinkedHashMap::afterNodeInsertion (40 bytes)
Event: 0.513 Thread 0x000001fffc906000 nmethod 253 0x000001ffe6e5ed90 code [0x000001ffe6e5ef80, 0x000001ffe6e5f450]
Event: 0.513 Thread 0x000001fffc906000  254       3       java.util.Arrays::hashCode (44 bytes)
Event: 0.513 Thread 0x000001fffc906000 nmethod 254 0x000001ffe6e5f610 code [0x000001ffe6e5f7c0, 0x000001ffe6e5fa18]
Event: 0.513 Thread 0x000001fffc906000  255       3       sun.security.util.DerInputStream::getLength (252 bytes)

GC Heap History (0 events):
No events

Deoptimization events (2 events):
Event: 0.415 Thread 0x000001ffdf0d5000 Uncommon trap: reason=unstable_if action=reinterpret pc=0x000001ffee344ca8 method=java.lang.String.hashCode()I @ 14 c2
Event: 0.499 Thread 0x000001ffdf0d5000 Uncommon trap: reason=unstable_if action=reinterpret pc=0x000001ffee34c228 method=java.util.HashMap.putVal(ILjava/lang/Object;Ljava/lang/Object;ZZ)Ljava/lang/Object; @ 69 c2

Classes redefined (0 events):
No events

Internal exceptions (0 events):
No events

Events (10 events):
Event: 0.511 loading class sun/security/x509/DistributionPoint
Event: 0.511 loading class sun/security/x509/DistributionPoint done
Event: 0.512 loading class sun/security/x509/CertificatePoliciesExtension
Event: 0.512 loading class sun/security/x509/CertificatePoliciesExtension done
Event: 0.512 loading class sun/security/x509/PolicyInformation
Event: 0.512 loading class sun/security/x509/PolicyInformation done
Event: 0.512 loading class sun/security/x509/CertificatePolicyId
Event: 0.512 loading class sun/security/x509/CertificatePolicyId done
Event: 0.512 loading class java/security/cert/PolicyQualifierInfo
Event: 0.512 loading class java/security/cert/PolicyQualifierInfo done


Dynamic libraries:
0x00007ff7eee90000 - 0x00007ff7eeece000 	C:\Program Files\Java\jre-10.0.1\bin\javaw.exe
0x00007ffd4f050000 - 0x00007ffd4f231000 	C:\WINDOWS\SYSTEM32\ntdll.dll
0x00007ffd4eda0000 - 0x00007ffd4ee52000 	C:\WINDOWS\System32\KERNEL32.DLL
0x00007ffd4bf70000 - 0x00007ffd4c1e3000 	C:\WINDOWS\System32\KERNELBASE.dll
0x00007ffd4c560000 - 0x00007ffd4c601000 	C:\WINDOWS\System32\ADVAPI32.dll
0x00007ffd4e840000 - 0x00007ffd4e8de000 	C:\WINDOWS\System32\msvcrt.dll
0x00007ffd4cb30000 - 0x00007ffd4cb8b000 	C:\WINDOWS\System32\sechost.dll
0x00007ffd4cb90000 - 0x00007ffd4ccb4000 	C:\WINDOWS\System32\RPCRT4.dll
0x00007ffd4e420000 - 0x00007ffd4e5b0000 	C:\WINDOWS\System32\USER32.dll
0x00007ffd4b620000 - 0x00007ffd4b640000 	C:\WINDOWS\System32\win32u.dll
0x00007ffd4e920000 - 0x00007ffd4e948000 	C:\WINDOWS\System32\GDI32.dll
0x00007ffd4b480000 - 0x00007ffd4b612000 	C:\WINDOWS\System32\gdi32full.dll
0x00007ffd4b640000 - 0x00007ffd4b6df000 	C:\WINDOWS\System32\msvcp_win.dll
0x00007ffd4bdf0000 - 0x00007ffd4beea000 	C:\WINDOWS\System32\ucrtbase.dll
0x00007ffd3c350000 - 0x00007ffd3c5b9000 	C:\WINDOWS\WinSxS\amd64_microsoft.windows.common-controls_6595b64144ccf1df_6.0.17134.590_none_fb3d9bff3069e088\COMCTL32.dll
0x00007ffd4c800000 - 0x00007ffd4cb22000 	C:\WINDOWS\System32\combase.dll
0x00007ffd4bef0000 - 0x00007ffd4bf6a000 	C:\WINDOWS\System32\bcryptPrimitives.dll
0x00007ffd45d70000 - 0x00007ffd45d7a000 	C:\WINDOWS\SYSTEM32\VERSION.dll
0x00007ffd4e8e0000 - 0x00007ffd4e90d000 	C:\WINDOWS\System32\IMM32.DLL
0x00007ffd2b670000 - 0x00007ffd2b75f000 	C:\Program Files\Java\jre-10.0.1\bin\msvcr120.dll
0x00007ffd3a160000 - 0x00007ffd3a206000 	C:\Program Files\Java\jre-10.0.1\bin\msvcp120.dll
0x0000000054c40000 - 0x00000000556b0000 	C:\Program Files\Java\jre-10.0.1\bin\server\jvm.dll
0x00007ffd4e910000 - 0x00007ffd4e918000 	C:\WINDOWS\System32\PSAPI.DLL
0x00007ffd44b90000 - 0x00007ffd44bb3000 	C:\WINDOWS\SYSTEM32\WINMM.dll
0x00007ffd49f40000 - 0x00007ffd49f49000 	C:\WINDOWS\SYSTEM32\WSOCK32.dll
0x00007ffd4e3b0000 - 0x00007ffd4e41c000 	C:\WINDOWS\System32\WS2_32.dll
0x00007ffd44b60000 - 0x00007ffd44b8a000 	C:\WINDOWS\SYSTEM32\WINMMBASE.dll
0x00007ffd4c2a0000 - 0x00007ffd4c2e9000 	C:\WINDOWS\System32\cfgmgr32.dll
0x00007ffd47380000 - 0x00007ffd4738f000 	C:\Program Files\Java\jre-10.0.1\bin\verify.dll
0x00007ffd49d50000 - 0x00007ffd49f19000 	C:\WINDOWS\SYSTEM32\DBGHELP.DLL
0x00007ffd35b50000 - 0x00007ffd35b79000 	C:\WINDOWS\SYSTEM32\dbgcore.DLL
0x00007ffd45c30000 - 0x00007ffd45c57000 	C:\Program Files\Java\jre-10.0.1\bin\java.dll
0x00007ffd44c00000 - 0x00007ffd44c36000 	C:\Program Files\Java\jre-10.0.1\bin\jdwp.dll
0x00007ffd44bd0000 - 0x00007ffd44bfa000 	C:\Program Files\Java\jre-10.0.1\bin\instrument.dll
0x00007ffd45ce0000 - 0x00007ffd45cf6000 	C:\Program Files\Java\jre-10.0.1\bin\zip.dll
0x00007ffd472c0000 - 0x00007ffd472ca000 	C:\Program Files\Java\jre-10.0.1\bin\jimage.dll
0x00007ffd4cf10000 - 0x00007ffd4e350000 	C:\WINDOWS\System32\SHELL32.dll
0x00007ffd4ef70000 - 0x00007ffd4f019000 	C:\WINDOWS\System32\shcore.dll
0x00007ffd4b6e0000 - 0x00007ffd4bded000 	C:\WINDOWS\System32\windows.storage.dll
0x00007ffd4e350000 - 0x00007ffd4e3a1000 	C:\WINDOWS\System32\shlwapi.dll
0x00007ffd4b370000 - 0x00007ffd4b381000 	C:\WINDOWS\System32\kernel.appcore.dll
0x00007ffd4b3e0000 - 0x00007ffd4b3ff000 	C:\WINDOWS\System32\profapi.dll
0x00007ffd4b390000 - 0x00007ffd4b3dc000 	C:\WINDOWS\System32\powrprof.dll
0x00007ffd4b360000 - 0x00007ffd4b36a000 	C:\WINDOWS\System32\FLTLIB.DLL
0x00007ffd47390000 - 0x00007ffd4739a000 	C:\Program Files\Java\jre-10.0.1\bin\dt_socket.dll
0x00007ffd4abe0000 - 0x00007ffd4ac46000 	C:\WINDOWS\System32\mswsock.dll
0x00007ffd4a9a0000 - 0x00007ffd4aa5e000 	C:\WINDOWS\SYSTEM32\DNSAPI.dll
0x00007ffd4ef00000 - 0x00007ffd4ef08000 	C:\WINDOWS\System32\NSI.dll
0x00007ffd4a960000 - 0x00007ffd4a998000 	C:\WINDOWS\SYSTEM32\IPHLPAPI.DLL
0x00007ffd43890000 - 0x00007ffd43902000 	C:\WINDOWS\System32\fwpuclnt.dll
0x00007ffd4aec0000 - 0x00007ffd4aee5000 	C:\WINDOWS\SYSTEM32\bcrypt.dll
0x00007ffd3ddf0000 - 0x00007ffd3ddfa000 	C:\Windows\System32\rasadhlp.dll
0x00007ffd45920000 - 0x00007ffd4593a000 	C:\Program Files\Java\jre-10.0.1\bin\net.dll
0x00007ffd469d0000 - 0x00007ffd46aad000 	C:\WINDOWS\SYSTEM32\WINHTTP.dll
0x00007ffd39f80000 - 0x00007ffd39f91000 	C:\Program Files\Java\jre-10.0.1\bin\nio.dll

dbghelp: loaded successfully - version: 4.0.5 - missing functions: none
symbol engine: initialized successfully - sym options: 0x614 - pdb path: .;C:\Program Files\Java\jre-10.0.1\bin;C:\WINDOWS\SYSTEM32;C:\WINDOWS\WinSxS\amd64_microsoft.windows.common-controls_6595b64144ccf1df_6.0.17134.590_none_fb3d9bff3069e088;C:\Program Files\Java\jre-10.0.1\bin\server

VM Arguments:
jvm_args: -agentlib:jdwp=transport=dt_socket,suspend=y,address=localhost:13882 -javaagent:C:\Users\JiHyeok\eclipse\jee-2018-12\eclipse\configuration\org.eclipse.osgi\405\0\.cp\lib\javaagent-shaded.jar -Dfile.encoding=MS949 
java_command: test.testMain
java_class_path (initial): C:\Users\JiHyeok\eclipse-workspace\test\bin
Launcher Type: SUN_STANDARD

Logging:
Log output configuration:
#0: stdout all=warning uptime,level,tags
#1: stderr all=off uptime,level,tags

Environment Variables:
PATH=C:\oraclexe\app\oracle\product\11.2.0\server\bin;C:\Program Files (x86)\Common Files\Oracle\Java\javapath;C:\Program Files (x86)\NVIDIA Corporation\PhysX\Common;C:\ProgramData\Oracle\Java\javapath;C:\WINDOWS\system32;C:\WINDOWS;C:\WINDOWS\System32\Wbem;C:\WINDOWS\System32\WindowsPowerShell\v1.0\;C:\Users\JiHyeok\.dnx\bin;C:\Program Files\Microsoft DNX\Dnvm\;C:\Program Files\Microsoft SQL Server\130\Tools\Binn\;C:\Program Files (x86)\Windows Kits\8.1\Windows Performance Toolkit\;C:\WINDOWS\System32\OpenSSH\;C:\Program Files\Java\jdk-10.0.1\bin;C:\Program Files\Intel\WiFi\bin\;C:\Program Files\Common Files\Intel\WirelessCommon\;C:\Program Files\nodejs\;C:\Program Files (x86)\Yarn\bin\;C:\Program Files\Git\cmd;C:\Users\JiHyeok\AppData\Local\Microsoft\WindowsApps;C:\Program Files\Intel\WiFi\bin\;C:\Program Files\Common Files\Intel\WirelessCommon\;C:\Users\JiHyeok\AppData\Roaming\npm;C:\Users\JiHyeok\AppData\Local\Yarn\bin;C:\Users\JiHyeok\AppData\Local\Programs\Microsoft VS Code\bin
USERNAME=JiHyeok
OS=Windows_NT
PROCESSOR_IDENTIFIER=Intel64 Family 6 Model 78 Stepping 3, GenuineIntel



---------------  S Y S T E M  ---------------

OS: Windows 10 , 64 bit Build 17134 (10.0.17134.556)

CPU:total 4 (initial active 4) (2 cores per cpu, 2 threads per core) family 6 model 78 stepping 3, cmov, cx8, fxsr, mmx, sse, sse2, sse3, ssse3, sse4.1, sse4.2, popcnt, avx, avx2, aes, clmul, erms, 3dnowpref, lzcnt, ht, tsc, tscinvbit, bmi1, bmi2, adx, fma

Memory: 4k page, physical 8304668k(3068812k free), swap 18747132k(5320k free)

vm_info: Java HotSpot(TM) 64-Bit Server VM (10.0.1+10) for windows-amd64 JRE (10.0.1+10), built on Mar 27 2018 02:27:48 by "mach5one" with MS VC++ 12.0 (VS2013)

END.
